# Logfile created on 2016-02-06 14:49:06 -0600 by logger.rb/41954
I, [2016-02-06T14:49:06.976306 #24630]  INFO -- : 0:  RedCloth (4.2.9) from /usr/local/lib/ruby/gems/2.0.0/specifications/RedCloth-4.2.9.gemspec
I, [2016-02-06T14:49:06.976721 #24630]  INFO -- : 0:  i18n (0.7.0) from /usr/local/lib/ruby/gems/2.0.0/specifications/i18n-0.7.0.gemspec
I, [2016-02-06T14:49:16.387099 #24630]  INFO -- : 0:  json (1.8.3) from /usr/local/lib/ruby/gems/2.0.0/specifications/json-1.8.3.gemspec
I, [2016-02-06T14:49:16.398439 #24630]  INFO -- : 0:  minitest (5.8.4) from /usr/local/lib/ruby/gems/2.0.0/specifications/minitest-5.8.4.gemspec
I, [2016-02-06T14:49:16.398869 #24630]  INFO -- : 0:  thread_safe (0.3.5) from /usr/local/lib/ruby/gems/2.0.0/specifications/thread_safe-0.3.5.gemspec
I, [2016-02-06T14:49:16.399102 #24630]  INFO -- : 0:  tzinfo (1.2.2) from /usr/local/lib/ruby/gems/2.0.0/specifications/tzinfo-1.2.2.gemspec
I, [2016-02-06T14:49:16.399325 #24630]  INFO -- : 0:  activesupport (4.2.5.1) from /usr/local/lib/ruby/gems/2.0.0/specifications/activesupport-4.2.5.1.gemspec
I, [2016-02-06T14:49:16.399561 #24630]  INFO -- : 0:  addressable (2.3.8) from /usr/local/lib/ruby/gems/2.0.0/specifications/addressable-2.3.8.gemspec
I, [2016-02-06T14:49:16.399787 #24630]  INFO -- : 0:  coffee-script-source (1.10.0) from /usr/local/lib/ruby/gems/2.0.0/specifications/coffee-script-source-1.10.0.gemspec
I, [2016-02-06T14:49:16.400013 #24630]  INFO -- : 0:  execjs (2.6.0) from /usr/local/lib/ruby/gems/2.0.0/specifications/execjs-2.6.0.gemspec
I, [2016-02-06T14:49:16.400232 #24630]  INFO -- : 0:  coffee-script (2.4.1) from /usr/local/lib/ruby/gems/2.0.0/specifications/coffee-script-2.4.1.gemspec
I, [2016-02-06T14:49:16.400458 #24630]  INFO -- : 0:  colorator (0.1) from /usr/local/lib/ruby/gems/2.0.0/specifications/colorator-0.1.gemspec
I, [2016-02-06T14:49:16.400684 #24630]  INFO -- : 0:  ffi (1.9.10) from /usr/local/lib/ruby/gems/2.0.0/specifications/ffi-1.9.10.gemspec
I, [2016-02-06T14:49:16.400907 #24630]  INFO -- : 0:  ethon (0.8.1) from /usr/local/lib/ruby/gems/2.0.0/specifications/ethon-0.8.1.gemspec
I, [2016-02-06T14:49:16.401137 #24630]  INFO -- : 0:  multipart-post (2.0.0) from /usr/local/lib/ruby/gems/2.0.0/specifications/multipart-post-2.0.0.gemspec
I, [2016-02-06T14:49:16.401349 #24630]  INFO -- : 0:  faraday (0.9.2) from /usr/local/lib/ruby/gems/2.0.0/specifications/faraday-0.9.2.gemspec
I, [2016-02-06T14:49:16.401578 #24630]  INFO -- : 0:  gemoji (2.1.0) from /usr/local/lib/ruby/gems/2.0.0/specifications/gemoji-2.1.0.gemspec
I, [2016-02-06T14:49:16.401801 #24630]  INFO -- : 0:  net-dns (0.8.0) from /usr/local/lib/ruby/gems/2.0.0/specifications/net-dns-0.8.0.gemspec
I, [2016-02-06T14:49:16.402014 #24630]  INFO -- : 0:  public_suffix (1.5.3) from /usr/local/lib/ruby/gems/2.0.0/specifications/public_suffix-1.5.3.gemspec
I, [2016-02-06T14:49:16.402231 #24630]  INFO -- : 0:  typhoeus (0.8.0) from /usr/local/lib/ruby/gems/2.0.0/specifications/typhoeus-0.8.0.gemspec
I, [2016-02-06T14:49:16.402452 #24630]  INFO -- : 0:  github-pages-health-check (0.6.0) from /usr/local/lib/ruby/gems/2.0.0/specifications/github-pages-health-check-0.6.0.gemspec
I, [2016-02-06T14:49:16.402668 #24630]  INFO -- : 0:  sass (3.4.21) from /usr/local/lib/ruby/gems/2.0.0/specifications/sass-3.4.21.gemspec
I, [2016-02-06T14:49:16.402874 #24630]  INFO -- : 0:  jekyll-sass-converter (1.3.0) from /usr/local/lib/ruby/gems/2.0.0/specifications/jekyll-sass-converter-1.3.0.gemspec
I, [2016-02-06T14:49:16.403079 #24630]  INFO -- : 0:  rb-fsevent (0.9.7) from /usr/local/lib/ruby/gems/2.0.0/specifications/rb-fsevent-0.9.7.gemspec
I, [2016-02-06T14:49:16.403285 #24630]  INFO -- : 0:  rb-inotify (0.9.6) from /usr/local/lib/ruby/gems/2.0.0/specifications/rb-inotify-0.9.6.gemspec
I, [2016-02-06T14:49:16.403485 #24630]  INFO -- : 0:  listen (3.0.5) from /usr/local/lib/ruby/gems/2.0.0/specifications/listen-3.0.5.gemspec
I, [2016-02-06T14:49:16.403682 #24630]  INFO -- : 0:  jekyll-watch (1.3.1) from /usr/local/lib/ruby/gems/2.0.0/specifications/jekyll-watch-1.3.1.gemspec
I, [2016-02-06T14:49:16.403886 #24630]  INFO -- : 0:  kramdown (1.9.0) from /usr/local/lib/ruby/gems/2.0.0/specifications/kramdown-1.9.0.gemspec
I, [2016-02-06T14:49:16.404108 #24630]  INFO -- : 0:  liquid (3.0.6) from /usr/local/lib/ruby/gems/2.0.0/specifications/liquid-3.0.6.gemspec
I, [2016-02-06T14:49:16.404320 #24630]  INFO -- : 0:  mercenary (0.3.5) from /usr/local/lib/ruby/gems/2.0.0/specifications/mercenary-0.3.5.gemspec
I, [2016-02-06T14:49:16.404532 #24630]  INFO -- : 0:  rouge (1.10.1) from /usr/local/lib/ruby/gems/2.0.0/specifications/rouge-1.10.1.gemspec
I, [2016-02-06T14:49:16.404747 #24630]  INFO -- : 0:  safe_yaml (1.0.4) from /usr/local/lib/ruby/gems/2.0.0/specifications/safe_yaml-1.0.4.gemspec
I, [2016-02-06T14:49:16.404951 #24630]  INFO -- : 0:  jekyll (3.0.2) from /usr/local/lib/ruby/gems/2.0.0/specifications/jekyll-3.0.2.gemspec
I, [2016-02-06T14:49:16.405147 #24630]  INFO -- : 0:  jekyll-coffeescript (1.0.1) from /usr/local/lib/ruby/gems/2.0.0/specifications/jekyll-coffeescript-1.0.1.gemspec
I, [2016-02-06T14:49:16.405341 #24630]  INFO -- : 0:  jekyll-feed (0.3.1) from /usr/local/lib/ruby/gems/2.0.0/specifications/jekyll-feed-0.3.1.gemspec
I, [2016-02-06T14:49:16.405554 #24630]  INFO -- : 0:  sawyer (0.6.0) from /usr/local/lib/ruby/gems/2.0.0/specifications/sawyer-0.6.0.gemspec
I, [2016-02-06T14:49:16.405760 #24630]  INFO -- : 0:  octokit (4.2.0) from /usr/local/lib/ruby/gems/2.0.0/specifications/octokit-4.2.0.gemspec
I, [2016-02-06T14:49:16.405969 #24630]  INFO -- : 0:  jekyll-gist (1.4.0) from /usr/local/lib/ruby/gems/2.0.0/specifications/jekyll-gist-1.4.0.gemspec
I, [2016-02-06T14:49:16.406178 #24630]  INFO -- : 0:  mini_portile2 (2.0.0) from /usr/local/lib/ruby/gems/2.0.0/specifications/mini_portile2-2.0.0.gemspec
I, [2016-02-06T14:49:16.406389 #24630]  INFO -- : 0:  nokogiri (1.6.7.2) from /usr/local/lib/ruby/gems/2.0.0/specifications/nokogiri-1.6.7.2.gemspec
I, [2016-02-06T14:49:16.406606 #24630]  INFO -- : 0:  html-pipeline (2.3.0) from /usr/local/lib/ruby/gems/2.0.0/specifications/html-pipeline-2.3.0.gemspec
I, [2016-02-06T14:49:16.406827 #24630]  INFO -- : 0:  jekyll-mentions (1.0.0) from /usr/local/lib/ruby/gems/2.0.0/specifications/jekyll-mentions-1.0.0.gemspec
I, [2016-02-06T14:49:16.407067 #24630]  INFO -- : 0:  jekyll-paginate (1.1.0) from /usr/local/lib/ruby/gems/2.0.0/specifications/jekyll-paginate-1.1.0.gemspec
I, [2016-02-06T14:49:16.407279 #24630]  INFO -- : 0:  jekyll-redirect-from (0.9.1) from /usr/local/lib/ruby/gems/2.0.0/specifications/jekyll-redirect-from-0.9.1.gemspec
I, [2016-02-06T14:49:16.407483 #24630]  INFO -- : 0:  jekyll-seo-tag (0.1.4) from /usr/local/lib/ruby/gems/2.0.0/specifications/jekyll-seo-tag-0.1.4.gemspec
I, [2016-02-06T14:49:16.407687 #24630]  INFO -- : 0:  jekyll-sitemap (0.10.0) from /usr/local/lib/ruby/gems/2.0.0/specifications/jekyll-sitemap-0.10.0.gemspec
I, [2016-02-06T14:49:16.407889 #24630]  INFO -- : 0:  jekyll-textile-converter (0.1.0) from /usr/local/lib/ruby/gems/2.0.0/specifications/jekyll-textile-converter-0.1.0.gemspec
I, [2016-02-06T14:49:16.408092 #24630]  INFO -- : 0:  jemoji (0.5.1) from /usr/local/lib/ruby/gems/2.0.0/specifications/jemoji-0.5.1.gemspec
I, [2016-02-06T14:49:16.408297 #24630]  INFO -- : 0:  rdiscount (2.1.8) from /usr/local/lib/ruby/gems/2.0.0/specifications/rdiscount-2.1.8.gemspec
I, [2016-02-06T14:49:16.408500 #24630]  INFO -- : 0:  redcarpet (3.3.3) from /usr/local/lib/ruby/gems/2.0.0/specifications/redcarpet-3.3.3.gemspec
I, [2016-02-06T14:49:16.408696 #24630]  INFO -- : 0:  terminal-table (1.5.2) from /usr/local/lib/ruby/gems/2.0.0/specifications/terminal-table-1.5.2.gemspec
I, [2016-02-06T14:49:16.408893 #24630]  INFO -- : 0:  github-pages (45) from /usr/local/lib/ruby/gems/2.0.0/specifications/github-pages-45.gemspec
I, [2016-02-06T14:49:16.409067 #24630]  INFO -- : 0:  bundler (1.5.1) from /usr/local/lib/ruby/gems/2.0.0/specifications/bundler-1.5.1.gemspec
I, [2016-02-06T14:52:13.646426 #24720]  INFO -- : 0:  RedCloth (4.2.9) from /usr/local/lib/ruby/gems/2.0.0/specifications/RedCloth-4.2.9.gemspec
I, [2016-02-06T14:52:13.646830 #24720]  INFO -- : 0:  i18n (0.7.0) from /usr/local/lib/ruby/gems/2.0.0/specifications/i18n-0.7.0.gemspec
I, [2016-02-06T14:52:13.647126 #24720]  INFO -- : 0:  json (1.8.3) from /usr/local/lib/ruby/gems/2.0.0/specifications/json-1.8.3.gemspec
I, [2016-02-06T14:52:13.647385 #24720]  INFO -- : 0:  minitest (5.8.4) from /usr/local/lib/ruby/gems/2.0.0/specifications/minitest-5.8.4.gemspec
I, [2016-02-06T14:52:13.647619 #24720]  INFO -- : 0:  thread_safe (0.3.5) from /usr/local/lib/ruby/gems/2.0.0/specifications/thread_safe-0.3.5.gemspec
I, [2016-02-06T14:52:13.647857 #24720]  INFO -- : 0:  tzinfo (1.2.2) from /usr/local/lib/ruby/gems/2.0.0/specifications/tzinfo-1.2.2.gemspec
I, [2016-02-06T14:52:13.648090 #24720]  INFO -- : 0:  activesupport (4.2.5.1) from /usr/local/lib/ruby/gems/2.0.0/specifications/activesupport-4.2.5.1.gemspec
I, [2016-02-06T14:52:13.648322 #24720]  INFO -- : 0:  addressable (2.3.8) from /usr/local/lib/ruby/gems/2.0.0/specifications/addressable-2.3.8.gemspec
I, [2016-02-06T14:52:13.648552 #24720]  INFO -- : 0:  coffee-script-source (1.10.0) from /usr/local/lib/ruby/gems/2.0.0/specifications/coffee-script-source-1.10.0.gemspec
I, [2016-02-06T14:52:13.648793 #24720]  INFO -- : 0:  execjs (2.6.0) from /usr/local/lib/ruby/gems/2.0.0/specifications/execjs-2.6.0.gemspec
I, [2016-02-06T14:52:13.649035 #24720]  INFO -- : 0:  coffee-script (2.4.1) from /usr/local/lib/ruby/gems/2.0.0/specifications/coffee-script-2.4.1.gemspec
I, [2016-02-06T14:52:13.649301 #24720]  INFO -- : 0:  colorator (0.1) from /usr/local/lib/ruby/gems/2.0.0/specifications/colorator-0.1.gemspec
I, [2016-02-06T14:52:13.649545 #24720]  INFO -- : 0:  ffi (1.9.10) from /usr/local/lib/ruby/gems/2.0.0/specifications/ffi-1.9.10.gemspec
I, [2016-02-06T14:52:13.649779 #24720]  INFO -- : 0:  ethon (0.8.1) from /usr/local/lib/ruby/gems/2.0.0/specifications/ethon-0.8.1.gemspec
I, [2016-02-06T14:52:13.650021 #24720]  INFO -- : 0:  multipart-post (2.0.0) from /usr/local/lib/ruby/gems/2.0.0/specifications/multipart-post-2.0.0.gemspec
I, [2016-02-06T14:52:13.650250 #24720]  INFO -- : 0:  faraday (0.9.2) from /usr/local/lib/ruby/gems/2.0.0/specifications/faraday-0.9.2.gemspec
I, [2016-02-06T14:52:13.650498 #24720]  INFO -- : 0:  gemoji (2.1.0) from /usr/local/lib/ruby/gems/2.0.0/specifications/gemoji-2.1.0.gemspec
I, [2016-02-06T14:52:13.650732 #24720]  INFO -- : 0:  net-dns (0.8.0) from /usr/local/lib/ruby/gems/2.0.0/specifications/net-dns-0.8.0.gemspec
I, [2016-02-06T14:52:13.650970 #24720]  INFO -- : 0:  public_suffix (1.5.3) from /usr/local/lib/ruby/gems/2.0.0/specifications/public_suffix-1.5.3.gemspec
I, [2016-02-06T14:52:13.651204 #24720]  INFO -- : 0:  typhoeus (0.8.0) from /usr/local/lib/ruby/gems/2.0.0/specifications/typhoeus-0.8.0.gemspec
I, [2016-02-06T14:52:13.651452 #24720]  INFO -- : 0:  github-pages-health-check (0.6.0) from /usr/local/lib/ruby/gems/2.0.0/specifications/github-pages-health-check-0.6.0.gemspec
I, [2016-02-06T14:52:13.651675 #24720]  INFO -- : 0:  sass (3.4.21) from /usr/local/lib/ruby/gems/2.0.0/specifications/sass-3.4.21.gemspec
I, [2016-02-06T14:52:13.651918 #24720]  INFO -- : 0:  jekyll-sass-converter (1.3.0) from /usr/local/lib/ruby/gems/2.0.0/specifications/jekyll-sass-converter-1.3.0.gemspec
I, [2016-02-06T14:52:13.652180 #24720]  INFO -- : 0:  rb-fsevent (0.9.7) from /usr/local/lib/ruby/gems/2.0.0/specifications/rb-fsevent-0.9.7.gemspec
I, [2016-02-06T14:52:13.652408 #24720]  INFO -- : 0:  rb-inotify (0.9.6) from /usr/local/lib/ruby/gems/2.0.0/specifications/rb-inotify-0.9.6.gemspec
I, [2016-02-06T14:52:13.652646 #24720]  INFO -- : 0:  listen (3.0.5) from /usr/local/lib/ruby/gems/2.0.0/specifications/listen-3.0.5.gemspec
I, [2016-02-06T14:52:13.652877 #24720]  INFO -- : 0:  jekyll-watch (1.3.1) from /usr/local/lib/ruby/gems/2.0.0/specifications/jekyll-watch-1.3.1.gemspec
I, [2016-02-06T14:52:13.653123 #24720]  INFO -- : 0:  kramdown (1.9.0) from /usr/local/lib/ruby/gems/2.0.0/specifications/kramdown-1.9.0.gemspec
I, [2016-02-06T14:52:13.653356 #24720]  INFO -- : 0:  liquid (3.0.6) from /usr/local/lib/ruby/gems/2.0.0/specifications/liquid-3.0.6.gemspec
I, [2016-02-06T14:52:13.653636 #24720]  INFO -- : 0:  mercenary (0.3.5) from /usr/local/lib/ruby/gems/2.0.0/specifications/mercenary-0.3.5.gemspec
I, [2016-02-06T14:52:13.653874 #24720]  INFO -- : 0:  rouge (1.10.1) from /usr/local/lib/ruby/gems/2.0.0/specifications/rouge-1.10.1.gemspec
I, [2016-02-06T14:52:13.654107 #24720]  INFO -- : 0:  safe_yaml (1.0.4) from /usr/local/lib/ruby/gems/2.0.0/specifications/safe_yaml-1.0.4.gemspec
I, [2016-02-06T14:52:13.654342 #24720]  INFO -- : 0:  jekyll (3.0.2) from /usr/local/lib/ruby/gems/2.0.0/specifications/jekyll-3.0.2.gemspec
I, [2016-02-06T14:52:13.654573 #24720]  INFO -- : 0:  jekyll-coffeescript (1.0.1) from /usr/local/lib/ruby/gems/2.0.0/specifications/jekyll-coffeescript-1.0.1.gemspec
I, [2016-02-06T14:52:13.654810 #24720]  INFO -- : 0:  jekyll-feed (0.3.1) from /usr/local/lib/ruby/gems/2.0.0/specifications/jekyll-feed-0.3.1.gemspec
I, [2016-02-06T14:52:13.655049 #24720]  INFO -- : 0:  sawyer (0.6.0) from /usr/local/lib/ruby/gems/2.0.0/specifications/sawyer-0.6.0.gemspec
I, [2016-02-06T14:52:13.655290 #24720]  INFO -- : 0:  octokit (4.2.0) from /usr/local/lib/ruby/gems/2.0.0/specifications/octokit-4.2.0.gemspec
I, [2016-02-06T14:52:13.655528 #24720]  INFO -- : 0:  jekyll-gist (1.4.0) from /usr/local/lib/ruby/gems/2.0.0/specifications/jekyll-gist-1.4.0.gemspec
I, [2016-02-06T14:52:13.655766 #24720]  INFO -- : 0:  mini_portile2 (2.0.0) from /usr/local/lib/ruby/gems/2.0.0/specifications/mini_portile2-2.0.0.gemspec
I, [2016-02-06T14:52:13.655997 #24720]  INFO -- : 0:  nokogiri (1.6.7.2) from /usr/local/lib/ruby/gems/2.0.0/specifications/nokogiri-1.6.7.2.gemspec
I, [2016-02-06T14:52:13.656234 #24720]  INFO -- : 0:  html-pipeline (2.3.0) from /usr/local/lib/ruby/gems/2.0.0/specifications/html-pipeline-2.3.0.gemspec
I, [2016-02-06T14:52:13.656476 #24720]  INFO -- : 0:  jekyll-mentions (1.0.0) from /usr/local/lib/ruby/gems/2.0.0/specifications/jekyll-mentions-1.0.0.gemspec
I, [2016-02-06T14:52:13.656708 #24720]  INFO -- : 0:  jekyll-paginate (1.1.0) from /usr/local/lib/ruby/gems/2.0.0/specifications/jekyll-paginate-1.1.0.gemspec
I, [2016-02-06T14:52:13.656965 #24720]  INFO -- : 0:  jekyll-redirect-from (0.9.1) from /usr/local/lib/ruby/gems/2.0.0/specifications/jekyll-redirect-from-0.9.1.gemspec
I, [2016-02-06T14:52:13.657203 #24720]  INFO -- : 0:  jekyll-seo-tag (0.1.4) from /usr/local/lib/ruby/gems/2.0.0/specifications/jekyll-seo-tag-0.1.4.gemspec
I, [2016-02-06T14:52:13.657439 #24720]  INFO -- : 0:  jekyll-sitemap (0.10.0) from /usr/local/lib/ruby/gems/2.0.0/specifications/jekyll-sitemap-0.10.0.gemspec
I, [2016-02-06T14:52:13.657695 #24720]  INFO -- : 0:  jekyll-textile-converter (0.1.0) from /usr/local/lib/ruby/gems/2.0.0/specifications/jekyll-textile-converter-0.1.0.gemspec
I, [2016-02-06T14:52:13.657947 #24720]  INFO -- : 0:  jemoji (0.5.1) from /usr/local/lib/ruby/gems/2.0.0/specifications/jemoji-0.5.1.gemspec
I, [2016-02-06T14:52:13.658184 #24720]  INFO -- : 0:  rdiscount (2.1.8) from /usr/local/lib/ruby/gems/2.0.0/specifications/rdiscount-2.1.8.gemspec
I, [2016-02-06T14:52:13.658458 #24720]  INFO -- : 0:  redcarpet (3.3.3) from /usr/local/lib/ruby/gems/2.0.0/specifications/redcarpet-3.3.3.gemspec
I, [2016-02-06T14:52:13.658717 #24720]  INFO -- : 0:  terminal-table (1.5.2) from /usr/local/lib/ruby/gems/2.0.0/specifications/terminal-table-1.5.2.gemspec
I, [2016-02-06T14:52:13.658983 #24720]  INFO -- : 0:  github-pages (45) from /usr/local/lib/ruby/gems/2.0.0/specifications/github-pages-45.gemspec
I, [2016-02-06T14:52:13.659218 #24720]  INFO -- : 0:  bundler (1.5.1) from /usr/local/lib/ruby/gems/2.0.0/specifications/bundler-1.5.1.gemspec
